Determining if the pthread_create exist failed with the following output:
Change Dir: /home/louis/ros/build_isolated/kobuki_random_walker/CMakeFiles/CMakeTmp

Run Build Command:"/usr/bin/ninja" "cmTC_034b8"
[1/2] Building C object CMakeFiles/cmTC_034b8.dir/CheckSymbolExists.c.o
[2/2] Linking C executable cmTC_034b8
FAILED: cmTC_034b8 
: && /usr/bin/cc   -rdynamic CMakeFiles/cmTC_034b8.dir/CheckSymbolExists.c.o  -o cmTC_034b8   && :
CMakeFiles/cmTC_034b8.dir/CheckSymbolExists.c.o: In function `main':
CheckSymbolExists.c:(.text+0x1b): undefined reference to `pthread_create'
collect2: error: ld returned 1 exit status
ninja: build stopped: subcommand failed.

File /home/louis/ros/build_isolated/kobuki_random_walker/CMakeFiles/CMakeTmp/CheckSymbolExists.c:
/* */
#include <pthread.h>

int main(int argc, char** argv)
{
  (void)argv;
#ifndef pthread_create
  return ((int*)(&pthread_create))[argc];
#else
  (void)argc;
  return 0;
#endif
}

Determining if the function pthread_create exists in the pthreads failed with the following output:
Change Dir: /home/louis/ros/build_isolated/kobuki_random_walker/CMakeFiles/CMakeTmp

Run Build Command:"/usr/bin/ninja" "cmTC_0e066"
[1/2] Building C object CMakeFiles/cmTC_0e066.dir/CheckFunctionExists.c.o
[2/2] Linking C executable cmTC_0e066
FAILED: cmTC_0e066 
: && /usr/bin/cc -DCHECK_FUNCTION_EXISTS=pthread_create  -rdynamic CMakeFiles/cmTC_0e066.dir/CheckFunctionExists.c.o  -o cmTC_0e066  -lpthreads && :
/usr/bin/ld: cannot find -lpthreads
collect2: error: ld returned 1 exit status
ninja: build stopped: subcommand failed.


