Determining if the pthread_create exist failed with the following output:
Change Dir: /home/louis/ros/build_isolated/kobuki_keyop/CMakeFiles/CMakeTmp

Run Build Command:"/usr/bin/ninja" "cmTC_75eb5"
[1/2] Building C object CMakeFiles/cmTC_75eb5.dir/CheckSymbolExists.c.o
[2/2] Linking C executable cmTC_75eb5
FAILED: cmTC_75eb5 
: && /usr/bin/cc   -rdynamic CMakeFiles/cmTC_75eb5.dir/CheckSymbolExists.c.o  -o cmTC_75eb5   && :
CMakeFiles/cmTC_75eb5.dir/CheckSymbolExists.c.o: In function `main':
CheckSymbolExists.c:(.text+0x1b): undefined reference to `pthread_create'
collect2: error: ld returned 1 exit status
ninja: build stopped: subcommand failed.

File /home/louis/ros/build_isolated/kobuki_keyop/CMakeFiles/CMakeTmp/CheckSymbolExists.c:
/* */
#include <pthread.h>

int main(int argc, char** argv)
{
  (void)argv;
#ifndef pthread_create
  return ((int*)(&pthread_create))[argc];
#else
  (void)argc;
  return 0;
#endif
}

Determining if the function pthread_create exists in the pthreads failed with the following output:
Change Dir: /home/louis/ros/build_isolated/kobuki_keyop/CMakeFiles/CMakeTmp

Run Build Command:"/usr/bin/ninja" "cmTC_1acfd"
[1/2] Building C object CMakeFiles/cmTC_1acfd.dir/CheckFunctionExists.c.o
[2/2] Linking C executable cmTC_1acfd
FAILED: cmTC_1acfd 
: && /usr/bin/cc -DCHECK_FUNCTION_EXISTS=pthread_create  -rdynamic CMakeFiles/cmTC_1acfd.dir/CheckFunctionExists.c.o  -o cmTC_1acfd  -lpthreads && :
/usr/bin/ld: cannot find -lpthreads
collect2: error: ld returned 1 exit status
ninja: build stopped: subcommand failed.


