Determining if the pthread_create exist failed with the following output:
Change Dir: /home/louis/ros/build_isolated/turtlebot/CMakeFiles/CMakeTmp

Run Build Command:"/usr/bin/ninja" "cmTC_decf6"
[1/2] Building C object CMakeFiles/cmTC_decf6.dir/CheckSymbolExists.c.o
[2/2] Linking C executable cmTC_decf6
FAILED: cmTC_decf6 
: && /usr/bin/cc   -rdynamic CMakeFiles/cmTC_decf6.dir/CheckSymbolExists.c.o  -o cmTC_decf6   && :
CMakeFiles/cmTC_decf6.dir/CheckSymbolExists.c.o: In function `main':
CheckSymbolExists.c:(.text+0x1b): undefined reference to `pthread_create'
collect2: error: ld returned 1 exit status
ninja: build stopped: subcommand failed.

File /home/louis/ros/build_isolated/turtlebot/CMakeFiles/CMakeTmp/CheckSymbolExists.c:
/* */
#include <pthread.h>

int main(int argc, char** argv)
{
  (void)argv;
#ifndef pthread_create
  return ((int*)(&pthread_create))[argc];
#else
  (void)argc;
  return 0;
#endif
}

Determining if the function pthread_create exists in the pthreads failed with the following output:
Change Dir: /home/louis/ros/build_isolated/turtlebot/CMakeFiles/CMakeTmp

Run Build Command:"/usr/bin/ninja" "cmTC_de61f"
[1/2] Building C object CMakeFiles/cmTC_de61f.dir/CheckFunctionExists.c.o
[2/2] Linking C executable cmTC_de61f
FAILED: cmTC_de61f 
: && /usr/bin/cc -DCHECK_FUNCTION_EXISTS=pthread_create  -rdynamic CMakeFiles/cmTC_de61f.dir/CheckFunctionExists.c.o  -o cmTC_de61f  -lpthreads && :
/usr/bin/ld: cannot find -lpthreads
collect2: error: ld returned 1 exit status
ninja: build stopped: subcommand failed.


