Determining if the pthread_create exist failed with the following output:
Change Dir: /home/louis/ros/build_isolated/kobuki_controller_tutorial/CMakeFiles/CMakeTmp

Run Build Command:"/usr/bin/ninja" "cmTC_34304"
[1/2] Building C object CMakeFiles/cmTC_34304.dir/CheckSymbolExists.c.o
[2/2] Linking C executable cmTC_34304
FAILED: cmTC_34304 
: && /usr/bin/cc   -rdynamic CMakeFiles/cmTC_34304.dir/CheckSymbolExists.c.o  -o cmTC_34304   && :
CMakeFiles/cmTC_34304.dir/CheckSymbolExists.c.o: In function `main':
CheckSymbolExists.c:(.text+0x1b): undefined reference to `pthread_create'
collect2: error: ld returned 1 exit status
ninja: build stopped: subcommand failed.

File /home/louis/ros/build_isolated/kobuki_controller_tutorial/CMakeFiles/CMakeTmp/CheckSymbolExists.c:
/* */
#include <pthread.h>

int main(int argc, char** argv)
{
  (void)argv;
#ifndef pthread_create
  return ((int*)(&pthread_create))[argc];
#else
  (void)argc;
  return 0;
#endif
}

Determining if the function pthread_create exists in the pthreads failed with the following output:
Change Dir: /home/louis/ros/build_isolated/kobuki_controller_tutorial/CMakeFiles/CMakeTmp

Run Build Command:"/usr/bin/ninja" "cmTC_bcf59"
[1/2] Building C object CMakeFiles/cmTC_bcf59.dir/CheckFunctionExists.c.o
[2/2] Linking C executable cmTC_bcf59
FAILED: cmTC_bcf59 
: && /usr/bin/cc -DCHECK_FUNCTION_EXISTS=pthread_create  -rdynamic CMakeFiles/cmTC_bcf59.dir/CheckFunctionExists.c.o  -o cmTC_bcf59  -lpthreads && :
/usr/bin/ld: cannot find -lpthreads
collect2: error: ld returned 1 exit status
ninja: build stopped: subcommand failed.


