Determining if the pthread_create exist failed with the following output:
Change Dir: /home/louis/ros/build_isolated/cartographer_rviz/CMakeFiles/CMakeTmp

Run Build Command:"/usr/bin/ninja" "cmTC_d7743"
[1/2] Building C object CMakeFiles/cmTC_d7743.dir/CheckSymbolExists.c.o
[2/2] Linking C executable cmTC_d7743
FAILED: cmTC_d7743 
: && /usr/bin/cc   -rdynamic CMakeFiles/cmTC_d7743.dir/CheckSymbolExists.c.o  -o cmTC_d7743   && :
CMakeFiles/cmTC_d7743.dir/CheckSymbolExists.c.o: In function `main':
CheckSymbolExists.c:(.text+0x1b): undefined reference to `pthread_create'
collect2: error: ld returned 1 exit status
ninja: build stopped: subcommand failed.

File /home/louis/ros/build_isolated/cartographer_rviz/CMakeFiles/CMakeTmp/CheckSymbolExists.c:
/* */
#include <pthread.h>

int main(int argc, char** argv)
{
  (void)argv;
#ifndef pthread_create
  return ((int*)(&pthread_create))[argc];
#else
  (void)argc;
  return 0;
#endif
}

Determining if the function pthread_create exists in the pthreads failed with the following output:
Change Dir: /home/louis/ros/build_isolated/cartographer_rviz/CMakeFiles/CMakeTmp

Run Build Command:"/usr/bin/ninja" "cmTC_edb7e"
[1/2] Building C object CMakeFiles/cmTC_edb7e.dir/CheckFunctionExists.c.o
[2/2] Linking C executable cmTC_edb7e
FAILED: cmTC_edb7e 
: && /usr/bin/cc -DCHECK_FUNCTION_EXISTS=pthread_create  -rdynamic CMakeFiles/cmTC_edb7e.dir/CheckFunctionExists.c.o  -o cmTC_edb7e  -lpthreads && :
/usr/bin/ld: cannot find -lpthreads
collect2: error: ld returned 1 exit status
ninja: build stopped: subcommand failed.


